<?xml version="1.0" encoding="UTF-8"?>
<!-- Generated by org.testng.reporters.JUnitXMLReporter -->
<testsuite hostname="DESKTOP-H8RTC1S" ignored="0" name="Default test" tests="13" failures="0" timestamp="2019-09-12T22:06:26 IST" time="224.444" errors="0">
  <testcase name="login" time="1.431" classname="h.ra.h.ra.admin"/>
  <testcase name="add_admin" time="79.46" classname="h.ra.h.ra.admin"/>
  <testcase name="hotel_view" time="5.937" classname="h.ra.h.ra.admin"/>
  <testcase name="remove" time="18.802" classname="h.ra.h.ra.admin"/>
  <testcase name="view_flight_booking" time="4.747" classname="h.ra.h.ra.admin"/>
  <testcase name="remove_flight_booking" time="6.21" classname="h.ra.h.ra.admin"/>
  <testcase name="add_tours" time="41.139" classname="h.ra.h.ra.admin"/>
  <testcase name="edit_tours" time="10.012" classname="h.ra.h.ra.admin"/>
  <testcase name="delete_tours" time="4.719" classname="h.ra.h.ra.admin"/>
  <testcase name="search" time="5.706" classname="h.ra.h.ra.admin"/>
  <testcase name="edit_car" time="8.726" classname="h.ra.h.ra.admin"/>
  <testcase name="delete_car" time="7.649" classname="h.ra.h.ra.admin"/>
  <testcase name="search_Car" time="6.13" classname="h.ra.h.ra.admin"/>
</testsuite> <!-- Default test -->
